
ROM used:   2143/8192 (26%)
            2210/8192 (27%) including unused fragments

            1.7 Average locations per line
            5.7 Average locations per statement

RAM used:   34/368 (9%) at main() level
            43/368 (12%) worst case

Stack used: 6 worst case (6 in main + 0 for interrupts)
Stack size: 8

Lines Stmts  %   Files
----- ----- ---  -----
  492   343  91  Dong ho LCD bao thuc.c
  674     0   0  ..\..\..\..\..\Program Files (x86)\PICC\Devices\16F877A.h
   85    32   9  LCD 4 bit.c
   32     0   0  ..\..\..\..\..\Program Files (x86)\PICC\Drivers\stddef.h
----- -----
 1283   375 Total

Page ROM  %  RAM    Vol Diff  Functions:
---- --- --- ---    --- ----  ----------
0     20   1    1             @delay_ms1
0     69   3    3             @I2C_READ_1
0     74   3    1             @I2C_WRITE_1
0     34   2    0    245  1.4  LCD_Init
0     12   1    1     65  1.2  LCD_PutChar
0     11   1    1     90  1.4  LCD_PutCmd
0     17   1    0     72  1.2  LCD_PulseEnable
0     39   2    1    185  1.8  LCD_SetData
0    177   8    2   1505  3.9  hienthi1
0      4   0    0             @const639
0     86   4    4             @PSTRINGC7_604
0      3   0    0             @const649
0      3   0    0             @const650
0      3   0    0             @const657
0    115   5    2    743  4.7  hienthi2
0      3   0    0             @const660
0     21   1    3             @DIV88
0      3   0    0             @const669
1    162   8    2   1001  7.2  MAIN
0      9   0    0             @const674
0      9   0    0             @const675
0     37   2    2             @MUL88
0     45   2    0    614  3.4  convert_bcd
0    150   7    3   1742  8.7  chinh_bt
0     10   0    0             @const681
0    659  31    4   5670 12.9  chinh_gio
0     10   0    0             @goto55159
0     10   0    0             @goto55204
0    196   9    4    533  2.9  ReadRTC
 Inline         3    388  2.3  WriteRTC
0    148   7    2    336  3.7  rtc_init
 Inline         0             @cinit1

Program metrics:
    Functions               14
    Statements              375
    Comments                337
    Volume (V)              19166
    Difficulty (D)          56.2
    Effort to implement (E) 1077271
    Time to implement (T)   16 hours, 37 minutes
    Est Delivered Bugs (B)  4
    Cyclomatic Complexity   65
    Maintainability (MI)    128

 Segment     Used  Free
-----------  ----  ----
00000-00003     4  0  
00004-007FF  1977  67  
00800-00FFF   162  1886  
01000-017FF     0  2048  
01800-01FFF     0  2048  



